<?xml version="1.0" encoding="UTF-8"?>
<testng-results ignored="0" total="1" passed="1" failed="0" skipped="0">
  <reporter-output>
  </reporter-output>
  <suite started-at="2023-03-28T15:18:16 IST" name="Suite" finished-at="2023-03-28T15:18:27 IST" duration-ms="11295">
    <groups>
    </groups>
    <test started-at="2023-03-28T15:18:16 IST" name="Test" finished-at="2023-03-28T15:18:27 IST" duration-ms="11295">
      <class name="jenkinsSampleTesting.UITest">
        <test-method signature="startBrowser()[pri:0, instance:jenkinsSampleTesting.UITest@3daa422a]" started-at="2023-03-28T15:18:16 IST" name="startBrowser" finished-at="2023-03-28T15:18:27 IST" duration-ms="11215" status="PASS">
          <reporter-output>
          </reporter-output>
        </test-method> <!-- startBrowser -->
      </class> <!-- jenkinsSampleTesting.UITest -->
    </test> <!-- Test -->
  </suite> <!-- Suite -->
</testng-results>
