<?xml version="1.0" encoding="UTF-8"?>
<testng-results ignored="0" total="1" passed="1" failed="0" skipped="0">
  <reporter-output>
  </reporter-output>
  <suite started-at="2023-03-27T18:41:12 IST" name="Default suite" finished-at="2023-03-27T18:41:22 IST" duration-ms="10106">
    <groups>
    </groups>
    <test started-at="2023-03-27T18:41:12 IST" name="Default test" finished-at="2023-03-27T18:41:22 IST" duration-ms="10106">
      <class name="jenkinsSampleTesting.UITest">
        <test-method signature="startBrowser()[pri:0, instance:jenkinsSampleTesting.UITest@1ea9f6af]" started-at="2023-03-27T18:41:12 IST" name="startBrowser" finished-at="2023-03-27T18:41:22 IST" duration-ms="10035" status="PASS">
          <reporter-output>
          </reporter-output>
        </test-method> <!-- startBrowser -->
      </class> <!-- jenkinsSampleTesting.UITest -->
    </test> <!-- Default test -->
  </suite> <!-- Default suite -->
</testng-results>
